2021-10-08 21:58:59.821  INFO 1766 --- [main] com.x.App                                : Starting App using Java 1.8.0_131 on sundayMacBook.local with PID 1766 (/Users/sunday/IdeaProjects/ispring/start/target/classes started by AD in /Users/sunday/IdeaProjects/ispring/web)
2021-10-08 21:58:59.825  INFO 1766 --- [main] com.x.App                                : The following profiles are active: dev
2021-10-08 21:59:00.566  INFO 1766 --- [main] .s.d.r.c.RepositoryConfigurationDelegate : Bootstrapping Spring Data JPA repositories in DEFAULT mode.
2021-10-08 21:59:00.633  INFO 1766 --- [main] .s.d.r.c.RepositoryConfigurationDelegate : Finished Spring Data repository scanning in 56 ms. Found 3 JPA repository interfaces.
2021-10-08 21:59:01.149  INFO 1766 --- [main] o.s.b.w.embedded.tomcat.TomcatWebServer  : Tomcat initialized with port(s): 8080 (http)
2021-10-08 21:59:01.158  INFO 1766 --- [main] o.apache.catalina.core.StandardService   : Starting service [Tomcat]
2021-10-08 21:59:01.159  INFO 1766 --- [main] org.apache.catalina.core.StandardEngine  : Starting Servlet engine: [Apache Tomcat/9.0.52]
2021-10-08 21:59:01.241  INFO 1766 --- [main] o.a.c.c.C.[Tomcat].[localhost].[/]       : Initializing Spring embedded WebApplicationContext
2021-10-08 21:59:01.242  INFO 1766 --- [main] w.s.c.ServletWebServerApplicationContext : Root WebApplicationContext: initialization completed in 1334 ms
2021-10-08 21:59:01.274  INFO 1766 --- [main] com.zaxxer.hikari.HikariDataSource       : HikariPool-1 - Starting...
2021-10-08 21:59:01.408  INFO 1766 --- [main] com.zaxxer.hikari.HikariDataSource       : HikariPool-1 - Start completed.
2021-10-08 21:59:01.417  INFO 1766 --- [main] o.s.b.a.h2.H2ConsoleAutoConfiguration    : H2 console available at '/h2-console'. Database available at 'jdbc:h2:mem:test'
2021-10-08 21:59:01.658  INFO 1766 --- [main] o.hibernate.jpa.internal.util.LogHelper  : HHH000204: Processing PersistenceUnitInfo [name: default]
2021-10-08 21:59:01.710  INFO 1766 --- [main] org.hibernate.Version                    : HHH000412: Hibernate ORM core version 5.4.32.Final
2021-10-08 21:59:01.985  INFO 1766 --- [main] o.hibernate.annotations.common.Version   : HCANN000001: Hibernate Commons Annotations {5.1.2.Final}
2021-10-08 21:59:02.100  INFO 1766 --- [main] org.hibernate.dialect.Dialect            : HHH000400: Using dialect: org.hibernate.dialect.H2Dialect
2021-10-08 21:59:02.737  INFO 1766 --- [main] o.h.e.t.j.p.i.JtaPlatformInitiator       : HHH000490: Using JtaPlatform implementation: [org.hibernate.engine.transaction.jta.platform.internal.NoJtaPlatform]
2021-10-08 21:59:02.749  INFO 1766 --- [main] j.LocalContainerEntityManagerFactoryBean : Initialized JPA EntityManagerFactory for persistence unit 'default'
2021-10-08 21:59:03.477  INFO 1766 --- [main] o.s.b.w.embedded.tomcat.TomcatWebServer  : Tomcat started on port(s): 8080 (http) with context path ''
2021-10-08 21:59:03.488  INFO 1766 --- [main] com.x.App                                : Started App in 4.458 seconds (JVM running for 5.821)
2021-10-08 21:59:03.782  INFO 1766 --- [main] com.x.web.init.Starter                   : 打开路径:http://localhost:8080
2021-10-08 21:59:03.998  INFO 1766 --- [http-nio-8080-exec-1] o.a.c.c.C.[Tomcat].[localhost].[/]       : Initializing Spring DispatcherServlet 'dispatcherServlet'
2021-10-08 21:59:03.999  INFO 1766 --- [http-nio-8080-exec-1] o.s.web.servlet.DispatcherServlet        : Initializing Servlet 'dispatcherServlet'
2021-10-08 21:59:04.001  INFO 1766 --- [http-nio-8080-exec-1] o.s.web.servlet.DispatcherServlet        : Completed initialization in 2 ms
2021-10-08 22:02:10.363  INFO 1766 --- [SpringApplicationShutdownHook] j.LocalContainerEntityManagerFactoryBean : Closing JPA EntityManagerFactory for persistence unit 'default'
2021-10-08 22:02:10.366  INFO 1766 --- [SpringApplicationShutdownHook] com.zaxxer.hikari.HikariDataSource       : HikariPool-1 - Shutdown initiated...
2021-10-08 22:02:10.367  INFO 1766 --- [SpringApplicationShutdownHook] com.zaxxer.hikari.HikariDataSource       : HikariPool-1 - Shutdown completed.
2021-10-08 22:04:16.603  INFO 1822 --- [main] com.x.App                                : Starting App using Java 1.8.0_131 on sundayMacBook.local with PID 1822 (/Users/sunday/IdeaProjects/ispring/start/target/classes started by AD in /Users/sunday/IdeaProjects/ispring/web)
2021-10-08 22:04:16.610  INFO 1822 --- [main] com.x.App                                : The following profiles are active: dev
2021-10-08 22:04:17.794  INFO 1822 --- [main] .s.d.r.c.RepositoryConfigurationDelegate : Bootstrapping Spring Data JPA repositories in DEFAULT mode.
2021-10-08 22:04:17.885  INFO 1822 --- [main] .s.d.r.c.RepositoryConfigurationDelegate : Finished Spring Data repository scanning in 79 ms. Found 3 JPA repository interfaces.
2021-10-08 22:04:18.466  INFO 1822 --- [main] o.s.b.w.embedded.tomcat.TomcatWebServer  : Tomcat initialized with port(s): 8080 (http)
2021-10-08 22:04:18.475  INFO 1822 --- [main] o.apache.catalina.core.StandardService   : Starting service [Tomcat]
2021-10-08 22:04:18.475  INFO 1822 --- [main] org.apache.catalina.core.StandardEngine  : Starting Servlet engine: [Apache Tomcat/9.0.52]
2021-10-08 22:04:18.578  INFO 1822 --- [main] o.a.c.c.C.[Tomcat].[localhost].[/]       : Initializing Spring embedded WebApplicationContext
2021-10-08 22:04:18.579  INFO 1822 --- [main] w.s.c.ServletWebServerApplicationContext : Root WebApplicationContext: initialization completed in 1720 ms
2021-10-08 22:04:18.631  INFO 1822 --- [main] com.zaxxer.hikari.HikariDataSource       : HikariPool-1 - Starting...
2021-10-08 22:04:18.850  INFO 1822 --- [main] com.zaxxer.hikari.HikariDataSource       : HikariPool-1 - Start completed.
2021-10-08 22:04:18.859  INFO 1822 --- [main] o.s.b.a.h2.H2ConsoleAutoConfiguration    : H2 console available at '/h2-console'. Database available at 'jdbc:h2:mem:test'
2021-10-08 22:04:19.079  INFO 1822 --- [main] o.hibernate.jpa.internal.util.LogHelper  : HHH000204: Processing PersistenceUnitInfo [name: default]
2021-10-08 22:04:19.125  INFO 1822 --- [main] org.hibernate.Version                    : HHH000412: Hibernate ORM core version 5.4.32.Final
2021-10-08 22:04:19.344  INFO 1822 --- [main] o.hibernate.annotations.common.Version   : HCANN000001: Hibernate Commons Annotations {5.1.2.Final}
2021-10-08 22:04:19.462  INFO 1822 --- [main] org.hibernate.dialect.Dialect            : HHH000400: Using dialect: org.hibernate.dialect.H2Dialect
2021-10-08 22:04:20.070  INFO 1822 --- [main] o.h.e.t.j.p.i.JtaPlatformInitiator       : HHH000490: Using JtaPlatform implementation: [org.hibernate.engine.transaction.jta.platform.internal.NoJtaPlatform]
2021-10-08 22:04:20.082  INFO 1822 --- [main] j.LocalContainerEntityManagerFactoryBean : Initialized JPA EntityManagerFactory for persistence unit 'default'
2021-10-08 22:04:20.854  INFO 1822 --- [main] o.s.b.w.embedded.tomcat.TomcatWebServer  : Tomcat started on port(s): 8080 (http) with context path ''
2021-10-08 22:04:20.866  INFO 1822 --- [main] com.x.App                                : Started App in 5.128 seconds (JVM running for 6.219)
2021-10-08 22:04:21.142  INFO 1822 --- [main] com.x.web.init.Starter                   : 打开路径:http://localhost:8080
2021-10-08 22:04:21.336  INFO 1822 --- [http-nio-8080-exec-1] o.a.c.c.C.[Tomcat].[localhost].[/]       : Initializing Spring DispatcherServlet 'dispatcherServlet'
2021-10-08 22:04:21.336  INFO 1822 --- [http-nio-8080-exec-1] o.s.web.servlet.DispatcherServlet        : Initializing Servlet 'dispatcherServlet'
2021-10-08 22:04:21.338  INFO 1822 --- [http-nio-8080-exec-1] o.s.web.servlet.DispatcherServlet        : Completed initialization in 2 ms
2021-10-08 22:04:47.828  INFO 1822 --- [SpringApplicationShutdownHook] j.LocalContainerEntityManagerFactoryBean : Closing JPA EntityManagerFactory for persistence unit 'default'
2021-10-08 22:04:47.830  INFO 1822 --- [SpringApplicationShutdownHook] com.zaxxer.hikari.HikariDataSource       : HikariPool-1 - Shutdown initiated...
2021-10-08 22:04:47.832  INFO 1822 --- [SpringApplicationShutdownHook] com.zaxxer.hikari.HikariDataSource       : HikariPool-1 - Shutdown completed.
2021-10-08 22:04:54.264  INFO 1831 --- [main] com.x.App                                : Starting App using Java 1.8.0_131 on sundayMacBook.local with PID 1831 (/Users/sunday/IdeaProjects/ispring/start/target/classes started by AD in /Users/sunday/IdeaProjects/ispring/web)
2021-10-08 22:04:54.269  INFO 1831 --- [main] com.x.App                                : The following profiles are active: dev
2021-10-08 22:04:55.088  INFO 1831 --- [main] .s.d.r.c.RepositoryConfigurationDelegate : Bootstrapping Spring Data JPA repositories in DEFAULT mode.
2021-10-08 22:04:55.159  INFO 1831 --- [main] .s.d.r.c.RepositoryConfigurationDelegate : Finished Spring Data repository scanning in 59 ms. Found 3 JPA repository interfaces.
2021-10-08 22:04:55.720  INFO 1831 --- [main] o.s.b.w.embedded.tomcat.TomcatWebServer  : Tomcat initialized with port(s): 8080 (http)
2021-10-08 22:04:55.730  INFO 1831 --- [main] o.apache.catalina.core.StandardService   : Starting service [Tomcat]
2021-10-08 22:04:55.731  INFO 1831 --- [main] org.apache.catalina.core.StandardEngine  : Starting Servlet engine: [Apache Tomcat/9.0.52]
2021-10-08 22:04:55.824  INFO 1831 --- [main] o.a.c.c.C.[Tomcat].[localhost].[/]       : Initializing Spring embedded WebApplicationContext
2021-10-08 22:04:55.824  INFO 1831 --- [main] w.s.c.ServletWebServerApplicationContext : Root WebApplicationContext: initialization completed in 1480 ms
2021-10-08 22:04:55.865  INFO 1831 --- [main] com.zaxxer.hikari.HikariDataSource       : HikariPool-1 - Starting...
2021-10-08 22:04:56.010  INFO 1831 --- [main] com.zaxxer.hikari.HikariDataSource       : HikariPool-1 - Start completed.
2021-10-08 22:04:56.019  INFO 1831 --- [main] o.s.b.a.h2.H2ConsoleAutoConfiguration    : H2 console available at '/h2-console'. Database available at 'jdbc:h2:mem:test'
2021-10-08 22:04:56.235  INFO 1831 --- [main] o.hibernate.jpa.internal.util.LogHelper  : HHH000204: Processing PersistenceUnitInfo [name: default]
2021-10-08 22:04:56.289  INFO 1831 --- [main] org.hibernate.Version                    : HHH000412: Hibernate ORM core version 5.4.32.Final
2021-10-08 22:04:56.514  INFO 1831 --- [main] o.hibernate.annotations.common.Version   : HCANN000001: Hibernate Commons Annotations {5.1.2.Final}
2021-10-08 22:04:56.632  INFO 1831 --- [main] org.hibernate.dialect.Dialect            : HHH000400: Using dialect: org.hibernate.dialect.H2Dialect
2021-10-08 22:04:57.285  INFO 1831 --- [main] o.h.e.t.j.p.i.JtaPlatformInitiator       : HHH000490: Using JtaPlatform implementation: [org.hibernate.engine.transaction.jta.platform.internal.NoJtaPlatform]
2021-10-08 22:04:57.297  INFO 1831 --- [main] j.LocalContainerEntityManagerFactoryBean : Initialized JPA EntityManagerFactory for persistence unit 'default'
2021-10-08 22:04:58.030  INFO 1831 --- [main] o.s.b.w.embedded.tomcat.TomcatWebServer  : Tomcat started on port(s): 8080 (http) with context path ''
2021-10-08 22:04:58.041  INFO 1831 --- [main] com.x.App                                : Started App in 4.613 seconds (JVM running for 5.885)
2021-10-08 22:04:58.212  INFO 1831 --- [main] com.x.web.init.Starter                   : 打开路径:http://localhost:8080/api/index.html
2021-10-08 22:04:58.453  INFO 1831 --- [http-nio-8080-exec-1] o.a.c.c.C.[Tomcat].[localhost].[/]       : Initializing Spring DispatcherServlet 'dispatcherServlet'
2021-10-08 22:04:58.453  INFO 1831 --- [http-nio-8080-exec-1] o.s.web.servlet.DispatcherServlet        : Initializing Servlet 'dispatcherServlet'
2021-10-08 22:04:58.456  INFO 1831 --- [http-nio-8080-exec-1] o.s.web.servlet.DispatcherServlet        : Completed initialization in 3 ms
2021-10-08 22:07:11.239  INFO 1831 --- [SpringApplicationShutdownHook] j.LocalContainerEntityManagerFactoryBean : Closing JPA EntityManagerFactory for persistence unit 'default'
2021-10-08 22:07:11.242  INFO 1831 --- [SpringApplicationShutdownHook] com.zaxxer.hikari.HikariDataSource       : HikariPool-1 - Shutdown initiated...
2021-10-08 22:07:11.243  INFO 1831 --- [SpringApplicationShutdownHook] com.zaxxer.hikari.HikariDataSource       : HikariPool-1 - Shutdown completed.
2021-10-08 22:08:58.678  INFO 1873 --- [main] com.x.App                                : Starting App using Java 1.8.0_131 on sundayMacBook.local with PID 1873 (/Users/sunday/IdeaProjects/ispring/start/target/classes started by AD in /Users/sunday/IdeaProjects/ispring/web)
2021-10-08 22:08:58.684  INFO 1873 --- [main] com.x.App                                : The following profiles are active: dev
2021-10-08 22:08:59.436  INFO 1873 --- [main] .s.d.r.c.RepositoryConfigurationDelegate : Bootstrapping Spring Data JPA repositories in DEFAULT mode.
2021-10-08 22:08:59.502  INFO 1873 --- [main] .s.d.r.c.RepositoryConfigurationDelegate : Finished Spring Data repository scanning in 55 ms. Found 3 JPA repository interfaces.
2021-10-08 22:09:00.025  INFO 1873 --- [main] o.s.b.w.embedded.tomcat.TomcatWebServer  : Tomcat initialized with port(s): 8080 (http)
2021-10-08 22:09:00.036  INFO 1873 --- [main] o.apache.catalina.core.StandardService   : Starting service [Tomcat]
2021-10-08 22:09:00.036  INFO 1873 --- [main] org.apache.catalina.core.StandardEngine  : Starting Servlet engine: [Apache Tomcat/9.0.52]
2021-10-08 22:09:00.128  INFO 1873 --- [main] o.a.c.c.C.[Tomcat].[localhost].[/]       : Initializing Spring embedded WebApplicationContext
2021-10-08 22:09:00.128  INFO 1873 --- [main] w.s.c.ServletWebServerApplicationContext : Root WebApplicationContext: initialization completed in 1354 ms
2021-10-08 22:09:00.161  INFO 1873 --- [main] com.zaxxer.hikari.HikariDataSource       : HikariPool-1 - Starting...
2021-10-08 22:09:00.276  INFO 1873 --- [main] com.zaxxer.hikari.HikariDataSource       : HikariPool-1 - Start completed.
2021-10-08 22:09:00.282  INFO 1873 --- [main] o.s.b.a.h2.H2ConsoleAutoConfiguration    : H2 console available at '/h2-console'. Database available at 'jdbc:h2:mem:test'
2021-10-08 22:09:00.467  INFO 1873 --- [main] o.hibernate.jpa.internal.util.LogHelper  : HHH000204: Processing PersistenceUnitInfo [name: default]
2021-10-08 22:09:00.513  INFO 1873 --- [main] org.hibernate.Version                    : HHH000412: Hibernate ORM core version 5.4.32.Final
2021-10-08 22:09:00.725  INFO 1873 --- [main] o.hibernate.annotations.common.Version   : HCANN000001: Hibernate Commons Annotations {5.1.2.Final}
2021-10-08 22:09:00.836  INFO 1873 --- [main] org.hibernate.dialect.Dialect            : HHH000400: Using dialect: org.hibernate.dialect.H2Dialect
2021-10-08 22:09:01.432  INFO 1873 --- [main] o.h.e.t.j.p.i.JtaPlatformInitiator       : HHH000490: Using JtaPlatform implementation: [org.hibernate.engine.transaction.jta.platform.internal.NoJtaPlatform]
2021-10-08 22:09:01.442  INFO 1873 --- [main] j.LocalContainerEntityManagerFactoryBean : Initialized JPA EntityManagerFactory for persistence unit 'default'
2021-10-08 22:09:02.122  INFO 1873 --- [main] o.s.b.w.embedded.tomcat.TomcatWebServer  : Tomcat started on port(s): 8080 (http) with context path ''
2021-10-08 22:09:02.133  INFO 1873 --- [main] com.x.App                                : Started App in 4.209 seconds (JVM running for 5.508)
2021-10-08 22:09:02.341  INFO 1873 --- [main] com.x.web.init.Starter                   : 打开路径:http://localhost:8080/api/index.html
2021-10-08 22:09:02.701  INFO 1873 --- [http-nio-8080-exec-1] o.a.c.c.C.[Tomcat].[localhost].[/]       : Initializing Spring DispatcherServlet 'dispatcherServlet'
2021-10-08 22:09:02.701  INFO 1873 --- [http-nio-8080-exec-1] o.s.web.servlet.DispatcherServlet        : Initializing Servlet 'dispatcherServlet'
2021-10-08 22:09:02.702  INFO 1873 --- [http-nio-8080-exec-1] o.s.web.servlet.DispatcherServlet        : Completed initialization in 1 ms
2021-10-08 22:16:53.153  INFO 1873 --- [SpringApplicationShutdownHook] j.LocalContainerEntityManagerFactoryBean : Closing JPA EntityManagerFactory for persistence unit 'default'
2021-10-08 22:16:53.156  INFO 1873 --- [SpringApplicationShutdownHook] com.zaxxer.hikari.HikariDataSource       : HikariPool-1 - Shutdown initiated...
2021-10-08 22:16:53.158  INFO 1873 --- [SpringApplicationShutdownHook] com.zaxxer.hikari.HikariDataSource       : HikariPool-1 - Shutdown completed.
2021-10-08 23:00:52.002  INFO 2276 --- [main] com.x.App                                : Starting App using Java 1.8.0_131 on sundayMacBook.local with PID 2276 (/Users/sunday/IdeaProjects/ispring/start/target/classes started by AD in /Users/sunday/IdeaProjects/ispring/web)
2021-10-08 23:00:52.017  INFO 2276 --- [main] com.x.App                                : The following profiles are active: dev
2021-10-08 23:00:53.045  INFO 2276 --- [main] .s.d.r.c.RepositoryConfigurationDelegate : Bootstrapping Spring Data JPA repositories in DEFAULT mode.
2021-10-08 23:00:53.112  INFO 2276 --- [main] .s.d.r.c.RepositoryConfigurationDelegate : Finished Spring Data repository scanning in 55 ms. Found 3 JPA repository interfaces.
2021-10-08 23:00:53.815  INFO 2276 --- [main] o.s.b.w.embedded.tomcat.TomcatWebServer  : Tomcat initialized with port(s): 8080 (http)
2021-10-08 23:00:53.825  INFO 2276 --- [main] o.apache.catalina.core.StandardService   : Starting service [Tomcat]
2021-10-08 23:00:53.826  INFO 2276 --- [main] org.apache.catalina.core.StandardEngine  : Starting Servlet engine: [Apache Tomcat/9.0.52]
2021-10-08 23:00:53.909  INFO 2276 --- [main] o.a.c.c.C.[Tomcat].[localhost].[/]       : Initializing Spring embedded WebApplicationContext
2021-10-08 23:00:53.910  INFO 2276 --- [main] w.s.c.ServletWebServerApplicationContext : Root WebApplicationContext: initialization completed in 1742 ms
2021-10-08 23:00:53.946  INFO 2276 --- [main] com.zaxxer.hikari.HikariDataSource       : HikariPool-1 - Starting...
2021-10-08 23:00:54.131  INFO 2276 --- [main] com.zaxxer.hikari.HikariDataSource       : HikariPool-1 - Start completed.
2021-10-08 23:00:54.138  INFO 2276 --- [main] o.s.b.a.h2.H2ConsoleAutoConfiguration    : H2 console available at '/h2-console'. Database available at 'jdbc:h2:mem:test'
2021-10-08 23:00:54.358  INFO 2276 --- [main] o.hibernate.jpa.internal.util.LogHelper  : HHH000204: Processing PersistenceUnitInfo [name: default]
2021-10-08 23:00:54.403  INFO 2276 --- [main] org.hibernate.Version                    : HHH000412: Hibernate ORM core version 5.4.32.Final
2021-10-08 23:00:54.628  INFO 2276 --- [main] o.hibernate.annotations.common.Version   : HCANN000001: Hibernate Commons Annotations {5.1.2.Final}
2021-10-08 23:00:54.750  INFO 2276 --- [main] org.hibernate.dialect.Dialect            : HHH000400: Using dialect: org.hibernate.dialect.H2Dialect
2021-10-08 23:00:55.416  INFO 2276 --- [main] o.h.e.t.j.p.i.JtaPlatformInitiator       : HHH000490: Using JtaPlatform implementation: [org.hibernate.engine.transaction.jta.platform.internal.NoJtaPlatform]
2021-10-08 23:00:55.429  INFO 2276 --- [main] j.LocalContainerEntityManagerFactoryBean : Initialized JPA EntityManagerFactory for persistence unit 'default'
2021-10-08 23:00:56.194  INFO 2276 --- [main] o.s.b.w.embedded.tomcat.TomcatWebServer  : Tomcat started on port(s): 8080 (http) with context path ''
2021-10-08 23:00:56.206  INFO 2276 --- [main] com.x.App                                : Started App in 5.006 seconds (JVM running for 6.243)
2021-10-08 23:00:56.582  INFO 2276 --- [main] com.x.web.init.Starter                   : 打开路径:http://localhost:8080/api/index.html
2021-10-08 23:00:56.913  INFO 2276 --- [http-nio-8080-exec-1] o.a.c.c.C.[Tomcat].[localhost].[/]       : Initializing Spring DispatcherServlet 'dispatcherServlet'
2021-10-08 23:00:56.913  INFO 2276 --- [http-nio-8080-exec-1] o.s.web.servlet.DispatcherServlet        : Initializing Servlet 'dispatcherServlet'
2021-10-08 23:00:56.914  INFO 2276 --- [http-nio-8080-exec-1] o.s.web.servlet.DispatcherServlet        : Completed initialization in 1 ms
2021-10-08 23:01:58.242  INFO 2276 --- [SpringApplicationShutdownHook] j.LocalContainerEntityManagerFactoryBean : Closing JPA EntityManagerFactory for persistence unit 'default'
2021-10-08 23:01:58.244  INFO 2276 --- [SpringApplicationShutdownHook] com.zaxxer.hikari.HikariDataSource       : HikariPool-1 - Shutdown initiated...
2021-10-08 23:01:58.246  INFO 2276 --- [SpringApplicationShutdownHook] com.zaxxer.hikari.HikariDataSource       : HikariPool-1 - Shutdown completed.
2021-10-08 23:23:33.473  INFO 2456 --- [main] com.x.App                                : Starting App using Java 1.8.0_131 on sundayMacBook.local with PID 2456 (/Users/sunday/IdeaProjects/ispring/start/target/classes started by AD in /Users/sunday/IdeaProjects/ispring/web)
2021-10-08 23:23:33.485  INFO 2456 --- [main] com.x.App                                : The following profiles are active: dev
2021-10-08 23:23:34.392  INFO 2456 --- [main] .s.d.r.c.RepositoryConfigurationDelegate : Bootstrapping Spring Data JPA repositories in DEFAULT mode.
2021-10-08 23:23:34.464  INFO 2456 --- [main] .s.d.r.c.RepositoryConfigurationDelegate : Finished Spring Data repository scanning in 61 ms. Found 3 JPA repository interfaces.
2021-10-08 23:23:35.011  INFO 2456 --- [main] o.s.b.w.embedded.tomcat.TomcatWebServer  : Tomcat initialized with port(s): 8080 (http)
2021-10-08 23:23:35.020  INFO 2456 --- [main] o.apache.catalina.core.StandardService   : Starting service [Tomcat]
2021-10-08 23:23:35.021  INFO 2456 --- [main] org.apache.catalina.core.StandardEngine  : Starting Servlet engine: [Apache Tomcat/9.0.52]
2021-10-08 23:23:35.101  INFO 2456 --- [main] o.a.c.c.C.[Tomcat].[localhost].[/]       : Initializing Spring embedded WebApplicationContext
2021-10-08 23:23:35.101  INFO 2456 --- [main] w.s.c.ServletWebServerApplicationContext : Root WebApplicationContext: initialization completed in 1523 ms
2021-10-08 23:23:35.134  INFO 2456 --- [main] com.zaxxer.hikari.HikariDataSource       : HikariPool-1 - Starting...
2021-10-08 23:23:35.281  INFO 2456 --- [main] com.zaxxer.hikari.HikariDataSource       : HikariPool-1 - Start completed.
2021-10-08 23:23:35.287  INFO 2456 --- [main] o.s.b.a.h2.H2ConsoleAutoConfiguration    : H2 console available at '/h2-console'. Database available at 'jdbc:h2:mem:test'
2021-10-08 23:23:35.471  INFO 2456 --- [main] o.hibernate.jpa.internal.util.LogHelper  : HHH000204: Processing PersistenceUnitInfo [name: default]
2021-10-08 23:23:35.522  INFO 2456 --- [main] org.hibernate.Version                    : HHH000412: Hibernate ORM core version 5.4.32.Final
2021-10-08 23:23:35.740  INFO 2456 --- [main] o.hibernate.annotations.common.Version   : HCANN000001: Hibernate Commons Annotations {5.1.2.Final}
2021-10-08 23:23:35.853  INFO 2456 --- [main] org.hibernate.dialect.Dialect            : HHH000400: Using dialect: org.hibernate.dialect.H2Dialect
2021-10-08 23:23:36.473  INFO 2456 --- [main] o.h.e.t.j.p.i.JtaPlatformInitiator       : HHH000490: Using JtaPlatform implementation: [org.hibernate.engine.transaction.jta.platform.internal.NoJtaPlatform]
2021-10-08 23:23:36.485  INFO 2456 --- [main] j.LocalContainerEntityManagerFactoryBean : Initialized JPA EntityManagerFactory for persistence unit 'default'
2021-10-08 23:23:37.195  INFO 2456 --- [main] o.s.b.w.embedded.tomcat.TomcatWebServer  : Tomcat started on port(s): 8080 (http) with context path ''
2021-10-08 23:23:37.208  INFO 2456 --- [main] com.x.App                                : Started App in 4.435 seconds (JVM running for 6.157)
2021-10-08 23:23:37.461  INFO 2456 --- [main] com.x.web.init.Starter                   : 打开路径:http://localhost:8080/api/index.html
2021-10-08 23:23:37.779  INFO 2456 --- [http-nio-8080-exec-1] o.a.c.c.C.[Tomcat].[localhost].[/]       : Initializing Spring DispatcherServlet 'dispatcherServlet'
2021-10-08 23:23:37.779  INFO 2456 --- [http-nio-8080-exec-1] o.s.web.servlet.DispatcherServlet        : Initializing Servlet 'dispatcherServlet'
2021-10-08 23:23:37.781  INFO 2456 --- [http-nio-8080-exec-1] o.s.web.servlet.DispatcherServlet        : Completed initialization in 2 ms
2021-10-08 23:24:34.576  INFO 2456 --- [SpringApplicationShutdownHook] j.LocalContainerEntityManagerFactoryBean : Closing JPA EntityManagerFactory for persistence unit 'default'
2021-10-08 23:24:34.579  INFO 2456 --- [SpringApplicationShutdownHook] com.zaxxer.hikari.HikariDataSource       : HikariPool-1 - Shutdown initiated...
2021-10-08 23:24:34.581  INFO 2456 --- [SpringApplicationShutdownHook] com.zaxxer.hikari.HikariDataSource       : HikariPool-1 - Shutdown completed.
